This is e-pTeX, Version 3.14159265-p3.8.3-191112-2.6 (utf8.euc) (TeX Live 2020) (preloaded format=platex 2021.1.27)  2 SEP 2022 14:57
entering extended mode
 restricted \write18 enabled.
 %&-line parsing enabled.
**/Users/kobayashiminorunokou/Desktop/Mensetsu/Yamaguchi/Á†îÁ©∂ÂÜÖÂÆπ0902.tex
(/Users/kobayashiminorunokou/Desktop/Mensetsu/Yamaguchi/Á^^a0^^94ËÖ•‰πù^^86^^85Áµéπ0902.tex
pLaTeX2e <2020-02-02>+3 (based on LaTeX2e <2020-02-02> patch level 5)
L3 programming layer <2020-03-06> (/usr/local/texlive/2020/texmf-dist/tex/latex/beamer/beamer.cls
Document Class: beamer 2019/09/29 v3.57 A class for typesetting presentations
(/usr/local/texlive/2020/texmf-dist/tex/latex/beamer/beamerbasemodes.sty (/usr/local/texlive/2020/texmf-dist/tex/latex/etoolbox/etoolbox.sty
Package: etoolbox 2019/09/21 v2.5h e-TeX tools for LaTeX (JAW)
\etb@tempcnta=\count166
)
\beamer@tempbox=\box61
\beamer@tempcount=\count167
\c@beamerpauses=\count168
(/usr/local/texlive/2020/texmf-dist/tex/latex/beamer/beamerbasedecode.sty
\beamer@slideinframe=\count169
\beamer@minimum=\count170
\beamer@decode@box=\box62
)
\beamer@commentbox=\box63
\beamer@modecount=\count171
) (/usr/local/texlive/2020/texmf-dist/tex/generic/iftex/ifpdf.sty
Package: ifpdf 2019/10/25 v3.4 ifpdf legacy package. Use iftex instead.
(/usr/local/texlive/2020/texmf-dist/tex/generic/iftex/iftex.sty
Package: iftex 2020/03/06 v1.0d TeX engine tests
))
\headdp=\dimen150
\footheight=\dimen151
\sidebarheight=\dimen152
\beamer@tempdim=\dimen153
\beamer@finalheight=\dimen154
\beamer@animht=\dimen155
\beamer@animdp=\dimen156
\beamer@animwd=\dimen157
\beamer@leftmargin=\dimen158
\beamer@rightmargin=\dimen159
\beamer@leftsidebar=\dimen160
\beamer@rightsidebar=\dimen161
\beamer@boxsize=\dimen162
\beamer@vboxoffset=\dimen163
\beamer@descdefault=\dimen164
\beamer@descriptionwidth=\dimen165
\beamer@lastskip=\skip47
\beamer@areabox=\box64
\beamer@animcurrent=\box65
\beamer@animshowbox=\box66
\beamer@sectionbox=\box67
\beamer@logobox=\box68
\beamer@linebox=\box69
\beamer@sectioncount=\count172
\beamer@subsubsectionmax=\count173
\beamer@subsectionmax=\count174
\beamer@sectionmax=\count175
\beamer@totalheads=\count176
\beamer@headcounter=\count177
\beamer@partstartpage=\count178
\beamer@sectionstartpage=\count179
\beamer@subsectionstartpage=\count180
\beamer@animationtempa=\count181
\beamer@animationtempb=\count182
\beamer@xpos=\count183
\beamer@ypos=\count184
\beamer@ypos@offset=\count185
\beamer@showpartnumber=\count186
\beamer@currentsubsection=\count187
\beamer@coveringdepth=\count188
\beamer@sectionadjust=\count189
\beamer@tocsectionnumber=\count190
(/usr/local/texlive/2020/texmf-dist/tex/latex/beamer/beamerbaseoptions.sty (/usr/local/texlive/2020/texmf-dist/tex/latex/graphics/keyval.sty
Package: keyval 2014/10/28 v1.15 key=value parser (DPC)
\KV@toks@=\toks16
))
\beamer@paperwidth=\skip48
\beamer@paperheight=\skip49
(/usr/local/texlive/2020/texmf-dist/tex/latex/geometry/geometry.sty
Package: geometry 2020/01/02 v5.9 Page Geometry
(/usr/local/texlive/2020/texmf-dist/tex/generic/iftex/ifvtex.sty
Package: ifvtex 2019/10/25 v1.7 ifvtex legacy package. Use iftex instead.
)
\Gm@cnth=\count191
\Gm@cntv=\count192
\c@Gm@tempcnt=\count193
\Gm@bindingoffset=\dimen166
\Gm@wd@mp=\dimen167
\Gm@odd@mp=\dimen168
\Gm@even@mp=\dimen169
\Gm@layoutwidth=\dimen170
\Gm@layoutheight=\dimen171
\Gm@layouthoffset=\dimen172
\Gm@layoutvoffset=\dimen173
\Gm@dimlist=\toks17
) (/usr/local/texlive/2020/texmf-dist/tex/latex/base/size11.clo
File: size11.clo 2019/12/20 v1.4l Standard LaTeX file (size option)
) (/usr/local/texlive/2020/texmf-dist/tex/latex/pgf/basiclayer/pgfcore.sty (/usr/local/texlive/2020/texmf-dist/tex/latex/graphics/graphicx.sty
Package: graphicx 2019/11/30 v1.2a Enhanced LaTeX Graphics (DPC,SPQR)
(/usr/local/texlive/2020/texmf-dist/tex/latex/graphics/graphics.sty
Package: graphics 2019/11/30 v1.4a Standard LaTeX Graphics (DPC,SPQR)
(/usr/local/texlive/2020/texmf-dist/tex/latex/graphics/trig.sty
Package: trig 2016/01/03 v1.10 sin cos tan (DPC)
) (/usr/local/texlive/2020/texmf-dist/tex/latex/graphics-cfg/graphics.cfg
File: graphics.cfg 2016/06/04 v1.11 sample graphics configuration
)
Package graphics Info: Driver file: dvipdfmx.def on input line 105.
(/usr/local/texlive/2020/texmf-dist/tex/latex/graphics-def/dvipdfmx.def
File: dvipdfmx.def 2017/06/24 v5.0g Graphics/color driver for dvipdfmx
))
\Gin@req@height=\dimen174
\Gin@req@width=\dimen175
) (/usr/local/texlive/2020/texmf-dist/tex/latex/pgf/systemlayer/pgfsys.sty (/usr/local/texlive/2020/texmf-dist/tex/latex/pgf/utilities/pgfrcs.sty (/usr/local/texlive/2020/texmf-dist/tex/generic/pgf/utilities/pgfutil-common.tex
\pgfutil@everybye=\toks18
\pgfutil@tempdima=\dimen176
\pgfutil@tempdimb=\dimen177
(/usr/local/texlive/2020/texmf-dist/tex/generic/pgf/utilities/pgfutil-common-lists.tex)) (/usr/local/texlive/2020/texmf-dist/tex/generic/pgf/utilities/pgfutil-latex.def
\pgfutil@abb=\box70
(/usr/local/texlive/2020/texmf-dist/tex/latex/ms/everyshi.sty
Package: everyshi 2001/05/15 v3.00 EveryShipout Package (MS)
)) (/usr/local/texlive/2020/texmf-dist/tex/generic/pgf/utilities/pgfrcs.code.tex (/usr/local/texlive/2020/texmf-dist/tex/generic/pgf/pgf.revision.tex)
Package: pgfrcs 2020/01/08 v3.1.5b (3.1.5b)
)) (/usr/local/texlive/2020/texmf-dist/tex/generic/pgf/systemlayer/pgfsys.code.tex
Package: pgfsys 2020/01/08 v3.1.5b (3.1.5b)
(/usr/local/texlive/2020/texmf-dist/tex/generic/pgf/utilities/pgfkeys.code.tex
\pgfkeys@pathtoks=\toks19
\pgfkeys@temptoks=\toks20
(/usr/local/texlive/2020/texmf-dist/tex/generic/pgf/utilities/pgfkeysfiltered.code.tex
\pgfkeys@tmptoks=\toks21
))
\pgf@x=\dimen178
\pgf@y=\dimen179
\pgf@xa=\dimen180
\pgf@ya=\dimen181
\pgf@xb=\dimen182
\pgf@yb=\dimen183
\pgf@xc=\dimen184
\pgf@yc=\dimen185
\pgf@xd=\dimen186
\pgf@yd=\dimen187
\w@pgf@writea=\write3
\r@pgf@reada=\read2
\c@pgf@counta=\count194
\c@pgf@countb=\count195
\c@pgf@countc=\count196
\c@pgf@countd=\count197
\t@pgf@toka=\toks22
\t@pgf@tokb=\toks23
\t@pgf@tokc=\toks24
\pgf@sys@id@count=\count198
(/usr/local/texlive/2020/texmf-dist/tex/generic/pgf/systemlayer/pgf.cfg
File: pgf.cfg 2020/01/08 v3.1.5b (3.1.5b)
)
Driver file for pgf: pgfsys-dvipdfmx.def
(/usr/local/texlive/2020/texmf-dist/tex/generic/pgf/systemlayer/pgfsys-dvipdfmx.def
File: pgfsys-dvipdfmx.def 2020/01/08 v3.1.5b (3.1.5b)
(/usr/local/texlive/2020/texmf-dist/tex/generic/pgf/systemlayer/pgfsys-common-pdf.def
File: pgfsys-common-pdf.def 2020/01/08 v3.1.5b (3.1.5b)
)
\pgfsys@objnum=\count199
)) (/usr/local/texlive/2020/texmf-dist/tex/generic/pgf/systemlayer/pgfsyssoftpath.code.tex
File: pgfsyssoftpath.code.tex 2020/01/08 v3.1.5b (3.1.5b)
\pgfsyssoftpath@smallbuffer@items=\count266
\pgfsyssoftpath@bigbuffer@items=\count267
) (/usr/local/texlive/2020/texmf-dist/tex/generic/pgf/systemlayer/pgfsysprotocol.code.tex
File: pgfsysprotocol.code.tex 2020/01/08 v3.1.5b (3.1.5b)
)) (/usr/local/texlive/2020/texmf-dist/tex/latex/xcolor/xcolor.sty
Package: xcolor 2016/05/11 v2.12 LaTeX color extensions (UK)
(/usr/local/texlive/2020/texmf-dist/tex/latex/graphics-cfg/color.cfg
File: color.cfg 2016/01/02 v1.6 sample color configuration
)
Package xcolor Info: Driver file: dvipdfmx.def on input line 225.
Package xcolor Info: Model `cmy' substituted by `cmy0' on input line 1348.
Package xcolor Info: Model `RGB' extended on input line 1364.
Package xcolor Info: Model `HTML' substituted by `rgb' on input line 1366.
Package xcolor Info: Model `Hsb' substituted by `hsb' on input line 1367.
Package xcolor Info: Model `tHsb' substituted by `hsb' on input line 1368.
Package xcolor Info: Model `HSB' substituted by `hsb' on input line 1369.
Package xcolor Info: Model `Gray' substituted by `gray' on input line 1370.
Package xcolor Info: Model `wave' substituted by `hsb' on input line 1371.
(/usr/local/texlive/2020/texmf-dist/tex/latex/xcolor/svgnam.def
File: svgnam.def 2016/05/11 v2.12 Predefined colors according to SVG 1.1 (UK)
)) (/usr/local/texlive/2020/texmf-dist/tex/generic/pgf/basiclayer/pgfcore.code.tex
Package: pgfcore 2020/01/08 v3.1.5b (3.1.5b)
(/usr/local/texlive/2020/texmf-dist/tex/generic/pgf/math/pgfmath.code.tex (/usr/local/texlive/2020/texmf-dist/tex/generic/pgf/math/pgfmathcalc.code.tex (/usr/local/texlive/2020/texmf-dist/tex/generic/pgf/math/pgfmathutil.code.tex) (/usr/local/texlive/2020/texmf-dist/tex/generic/pgf/math/pgfmathparser.code.tex
\pgfmath@dimen=\dimen188
\pgfmath@count=\count268
\pgfmath@box=\box71
\pgfmath@toks=\toks25
\pgfmath@stack@operand=\toks26
\pgfmath@stack@operation=\toks27
) (/usr/local/texlive/2020/texmf-dist/tex/generic/pgf/math/pgfmathfunctions.code.tex (/usr/local/texlive/2020/texmf-dist/tex/generic/pgf/math/pgfmathfunctions.basic.code.tex) (/usr/local/texlive/2020/texmf-dist/tex/generic/pgf/math/pgfmathfunctions.trigonometric.code.tex) (/usr/local/texlive/2020/texmf-dist/tex/generic/pgf/math/pgfmathfunctions.random.code.tex) (/usr/local/texlive/2020/texmf-dist/tex/generic/pgf/math/pgfmathfunctions.comparison.code.tex) (/usr/local/texlive/2020/texmf-dist/tex/generic/pgf/math/pgfmathfunctions.base.code.tex) (/usr/local/texlive/2020/texmf-dist/tex/generic/pgf/math/pgfmathfunctions.round.code.tex) (/usr/local/texlive/2020/texmf-dist/tex/generic/pgf/math/pgfmathfunctions.misc.code.tex) (/usr/local/texlive/2020/texmf-dist/tex/generic/pgf/math/pgfmathfunctions.integerarithmetics.code.tex))) (/usr/local/texlive/2020/texmf-dist/tex/generic/pgf/math/pgfmathfloat.code.tex
\c@pgfmathroundto@lastzeros=\count269
)) (/usr/local/texlive/2020/texmf-dist/tex/generic/pgf/math/pgfint.code.tex) (/usr/local/texlive/2020/texmf-dist/tex/generic/pgf/basiclayer/pgfcorepoints.code.tex
File: pgfcorepoints.code.tex 2020/01/08 v3.1.5b (3.1.5b)
\pgf@picminx=\dimen189
\pgf@picmaxx=\dimen190
\pgf@picminy=\dimen191
\pgf@picmaxy=\dimen192
\pgf@pathminx=\dimen193
\pgf@pathmaxx=\dimen194
\pgf@pathminy=\dimen195
\pgf@pathmaxy=\dimen196
\pgf@xx=\dimen197
\pgf@xy=\dimen198
\pgf@yx=\dimen199
\pgf@yy=\dimen256
\pgf@zx=\dimen257
\pgf@zy=\dimen258
) (/usr/local/texlive/2020/texmf-dist/tex/generic/pgf/basiclayer/pgfcorepathconstruct.code.tex
File: pgfcorepathconstruct.code.tex 2020/01/08 v3.1.5b (3.1.5b)
\pgf@path@lastx=\dimen259
\pgf@path@lasty=\dimen260
) (/usr/local/texlive/2020/texmf-dist/tex/generic/pgf/basiclayer/pgfcorepathusage.code.tex
File: pgfcorepathusage.code.tex 2020/01/08 v3.1.5b (3.1.5b)
\pgf@shorten@end@additional=\dimen261
\pgf@shorten@start@additional=\dimen262
) (/usr/local/texlive/2020/texmf-dist/tex/generic/pgf/basiclayer/pgfcorescopes.code.tex
File: pgfcorescopes.code.tex 2020/01/08 v3.1.5b (3.1.5b)
\pgfpic=\box72
\pgf@hbox=\box73
\pgf@layerbox@main=\box74
\pgf@picture@serial@count=\count270
) (/usr/local/texlive/2020/texmf-dist/tex/generic/pgf/basiclayer/pgfcoregraphicstate.code.tex
File: pgfcoregraphicstate.code.tex 2020/01/08 v3.1.5b (3.1.5b)
\pgflinewidth=\dimen263
) (/usr/local/texlive/2020/texmf-dist/tex/generic/pgf/basiclayer/pgfcoretransformations.code.tex
File: pgfcoretransformations.code.tex 2020/01/08 v3.1.5b (3.1.5b)
\pgf@pt@x=\dimen264
\pgf@pt@y=\dimen265
\pgf@pt@temp=\dimen266
) (/usr/local/texlive/2020/texmf-dist/tex/generic/pgf/basiclayer/pgfcorequick.code.tex
File: pgfcorequick.code.tex 2020/01/08 v3.1.5b (3.1.5b)
) (/usr/local/texlive/2020/texmf-dist/tex/generic/pgf/basiclayer/pgfcoreobjects.code.tex
File: pgfcoreobjects.code.tex 2020/01/08 v3.1.5b (3.1.5b)
) (/usr/local/texlive/2020/texmf-dist/tex/generic/pgf/basiclayer/pgfcorepathprocessing.code.tex
File: pgfcorepathprocessing.code.tex 2020/01/08 v3.1.5b (3.1.5b)
) (/usr/local/texlive/2020/texmf-dist/tex/generic/pgf/basiclayer/pgfcorearrows.code.tex
File: pgfcorearrows.code.tex 2020/01/08 v3.1.5b (3.1.5b)
\pgfarrowsep=\dimen267
) (/usr/local/texlive/2020/texmf-dist/tex/generic/pgf/basiclayer/pgfcoreshade.code.tex
File: pgfcoreshade.code.tex 2020/01/08 v3.1.5b (3.1.5b)
\pgf@max=\dimen268
\pgf@sys@shading@range@num=\count271
\pgf@shadingcount=\count272
) (/usr/local/texlive/2020/texmf-dist/tex/generic/pgf/basiclayer/pgfcoreimage.code.tex
File: pgfcoreimage.code.tex 2020/01/08 v3.1.5b (3.1.5b)
(/usr/local/texlive/2020/texmf-dist/tex/generic/pgf/basiclayer/pgfcoreexternal.code.tex
File: pgfcoreexternal.code.tex 2020/01/08 v3.1.5b (3.1.5b)
\pgfexternal@startupbox=\box75
)) (/usr/local/texlive/2020/texmf-dist/tex/generic/pgf/basiclayer/pgfcorelayers.code.tex
File: pgfcorelayers.code.tex 2020/01/08 v3.1.5b (3.1.5b)
) (/usr/local/texlive/2020/texmf-dist/tex/generic/pgf/basiclayer/pgfcoretransparency.code.tex
File: pgfcoretransparency.code.tex 2020/01/08 v3.1.5b (3.1.5b)
) (/usr/local/texlive/2020/texmf-dist/tex/generic/pgf/basiclayer/pgfcorepatterns.code.tex
File: pgfcorepatterns.code.tex 2020/01/08 v3.1.5b (3.1.5b)
) (/usr/local/texlive/2020/texmf-dist/tex/generic/pgf/basiclayer/pgfcorerdf.code.tex
File: pgfcorerdf.code.tex 2020/01/08 v3.1.5b (3.1.5b)
))) (/usr/local/texlive/2020/texmf-dist/tex/latex/pgf/utilities/xxcolor.sty
Package: xxcolor 2003/10/24 ver 0.1
\XC@nummixins=\count273
\XC@countmixins=\count274
) (/usr/local/texlive/2020/texmf-dist/tex/generic/atbegshi/atbegshi.sty
Package: atbegshi 2019/12/05 v1.19 At begin shipout hook (HO)
(/usr/local/texlive/2020/texmf-dist/tex/generic/infwarerr/infwarerr.sty
Package: infwarerr 2019/12/03 v1.5 Providing info/warning/error messages (HO)
) (/usr/local/texlive/2020/texmf-dist/tex/generic/ltxcmds/ltxcmds.sty
Package: ltxcmds 2019/12/15 v1.24 LaTeX kernel commands for general use (HO)
)) (/usr/local/texlive/2020/texmf-dist/tex/latex/hyperref/hyperref.sty
Package: hyperref 2020/01/14 v7.00d Hypertext links for LaTeX
(/usr/local/texlive/2020/texmf-dist/tex/latex/pdftexcmds/pdftexcmds.sty
Package: pdftexcmds 2019/11/24 v0.31 Utility functions of pdfTeX for LuaTeX (HO)
Package pdftexcmds Info: \pdf@primitive is available.
Package pdftexcmds Info: \pdf@ifprimitive is available.
Package pdftexcmds Info: \pdfdraftmode not found.
) (/usr/local/texlive/2020/texmf-dist/tex/generic/kvsetkeys/kvsetkeys.sty
Package: kvsetkeys 2019/12/15 v1.18 Key value parser (HO)
) (/usr/local/texlive/2020/texmf-dist/tex/generic/kvdefinekeys/kvdefinekeys.sty
Package: kvdefinekeys 2019-12-19 v1.6 Define keys (HO)
) (/usr/local/texlive/2020/texmf-dist/tex/generic/pdfescape/pdfescape.sty
Package: pdfescape 2019/12/09 v1.15 Implements pdfTeX's escape features (HO)
) (/usr/local/texlive/2020/texmf-dist/tex/latex/hycolor/hycolor.sty
Package: hycolor 2020-01-27 v1.10 Color options for hyperref/bookmark (HO)
) (/usr/local/texlive/2020/texmf-dist/tex/latex/letltxmacro/letltxmacro.sty
Package: letltxmacro 2019/12/03 v1.6 Let assignment for LaTeX macros (HO)
) (/usr/local/texlive/2020/texmf-dist/tex/latex/auxhook/auxhook.sty
Package: auxhook 2019-12-17 v1.6 Hooks for auxiliary files (HO)
) (/usr/local/texlive/2020/texmf-dist/tex/latex/kvoptions/kvoptions.sty
Package: kvoptions 2019/11/29 v3.13 Key value format for package options (HO)
)
\@linkdim=\dimen269
\Hy@linkcounter=\count275
\Hy@pagecounter=\count276
(/usr/local/texlive/2020/texmf-dist/tex/latex/hyperref/pd1enc.def
File: pd1enc.def 2020/01/14 v7.00d Hyperref: PDFDocEncoding definition (HO)
Now handling font encoding PD1 ...
... no UTF-8 mapping file for font encoding PD1
) (/usr/local/texlive/2020/texmf-dist/tex/generic/intcalc/intcalc.sty
Package: intcalc 2019/12/15 v1.3 Expandable calculations with integers (HO)
) (/usr/local/texlive/2020/texmf-dist/tex/generic/etexcmds/etexcmds.sty
Package: etexcmds 2019/12/15 v1.7 Avoid name clashes with e-TeX commands (HO)
)
\Hy@SavedSpaceFactor=\count277
Package hyperref Info: Option `bookmarks' set `true' on input line 4421.
Package hyperref Info: Option `bookmarksopen' set `true' on input line 4421.
Package hyperref Info: Option `implicit' set `false' on input line 4421.
Package hyperref Info: Hyper figures OFF on input line 4547.
Package hyperref Info: Link nesting OFF on input line 4552.
Package hyperref Info: Hyper index ON on input line 4555.
Package hyperref Info: Plain pages OFF on input line 4562.
Package hyperref Info: Backreferencing OFF on input line 4567.
Package hyperref Info: Implicit mode OFF; no redefinition of LaTeX internals.
Package hyperref Info: Bookmarks ON on input line 4800.
\c@Hy@tempcnt=\count278
(/usr/local/texlive/2020/texmf-dist/tex/latex/url/url.sty
\Urlmuskip=\muskip16
Package: url 2013/09/16  ver 3.4  Verb mode for urls, etc.
)
LaTeX Info: Redefining \url on input line 5159.
\XeTeXLinkMargin=\dimen270
(/usr/local/texlive/2020/texmf-dist/tex/generic/bitset/bitset.sty
Package: bitset 2019/12/09 v1.3 Handle bit-vector datatype (HO)
(/usr/local/texlive/2020/texmf-dist/tex/generic/bigintcalc/bigintcalc.sty
Package: bigintcalc 2019/12/15 v1.5 Expandable calculations on big integers (HO)
))
\Fld@menulength=\count279
\Field@Width=\dimen271
\Fld@charsize=\dimen272
Package hyperref Info: Hyper figures OFF on input line 6430.
Package hyperref Info: Link nesting OFF on input line 6435.
Package hyperref Info: Hyper index ON on input line 6438.
Package hyperref Info: backreferencing OFF on input line 6445.
Package hyperref Info: Link coloring OFF on input line 6450.
Package hyperref Info: Link coloring with OCG OFF on input line 6455.
Package hyperref Info: PDF/A mode OFF on input line 6460.
LaTeX Info: Redefining \ref on input line 6500.
LaTeX Info: Redefining \pageref on input line 6504.
\Hy@abspage=\count280

Package hyperref Message: Stopped early.

)
Package hyperref Info: Driver: hdvipdfm.
(/usr/local/texlive/2020/texmf-dist/tex/latex/hyperref/hdvipdfm.def
File: hdvipdfm.def 2020/01/14 v7.00d Hyperref driver for dvipdfm
\pdfm@box=\box76
\c@Hy@AnnotLevel=\count281
\HyField@AnnotCount=\count282
\Fld@listcount=\count283
\c@bookmark@seq@number=\count284
(/usr/local/texlive/2020/texmf-dist/tex/latex/rerunfilecheck/rerunfilecheck.sty
Package: rerunfilecheck 2019/12/05 v1.9 Rerun checks for auxiliary files (HO)
(/usr/local/texlive/2020/texmf-dist/tex/latex/atveryend/atveryend.sty
Package: atveryend 2019-12-11 v1.11 Hooks at the very end of document (HO)
) (/usr/local/texlive/2020/texmf-dist/tex/generic/uniquecounter/uniquecounter.sty
Package: uniquecounter 2019/12/15 v1.4 Provide unlimited unique counter (HO)
)
Package uniquecounter Info: New unique counter `rerunfilecheck' on input line 286.
)) (/usr/local/texlive/2020/texmf-dist/tex/latex/beamer/beamerbaserequires.sty (/usr/local/texlive/2020/texmf-dist/tex/latex/beamer/beamerbasecompatibility.sty) (/usr/local/texlive/2020/texmf-dist/tex/latex/beamer/beamerbasefont.sty (/usr/local/texlive/2020/texmf-dist/tex/latex/amsfonts/amssymb.sty
Package: amssymb 2013/01/14 v3.01 AMS font symbols
(/usr/local/texlive/2020/texmf-dist/tex/latex/amsfonts/amsfonts.sty
Package: amsfonts 2013/01/14 v3.01 Basic AMSFonts support
\@emptytoks=\toks28
\symAMSa=\mathgroup4
\symAMSb=\mathgroup5
LaTeX Font Info:    Redeclaring math symbol \hbar on input line 98.
LaTeX Font Info:    Overwriting math alphabet `\mathfrak' in version `bold'
(Font)                  U/euf/m/n --> U/euf/b/n on input line 106.
)) (/usr/local/texlive/2020/texmf-dist/tex/latex/sansmathaccent/sansmathaccent.sty
Package: sansmathaccent 2020/01/31
(/usr/local/texlive/2020/texmf-dist/tex/latex/koma-script/scrlfile.sty
Package: scrlfile 2020/01/24 v3.29 KOMA-Script package (loading files)
))) (/usr/local/texlive/2020/texmf-dist/tex/latex/beamer/beamerbasetranslator.sty (/usr/local/texlive/2020/texmf-dist/tex/latex/translator/translator.sty
Package: translator 2019-05-31 v1.12a Easy translation of strings in LaTeX
)) (/usr/local/texlive/2020/texmf-dist/tex/latex/beamer/beamerbasemisc.sty) (/usr/local/texlive/2020/texmf-dist/tex/latex/beamer/beamerbasetwoscreens.sty) (/usr/local/texlive/2020/texmf-dist/tex/latex/beamer/beamerbaseoverlay.sty
\beamer@argscount=\count285
\beamer@lastskipcover=\skip50
\beamer@trivlistdepth=\count286
) (/usr/local/texlive/2020/texmf-dist/tex/latex/beamer/beamerbasetitle.sty) (/usr/local/texlive/2020/texmf-dist/tex/latex/beamer/beamerbasesection.sty
\c@lecture=\count287
\c@part=\count288
\c@section=\count289
\c@subsection=\count290
\c@subsubsection=\count291
) (/usr/local/texlive/2020/texmf-dist/tex/latex/beamer/beamerbaseframe.sty
\beamer@framebox=\box77
\beamer@frametitlebox=\box78
\beamer@zoombox=\box79
\beamer@zoomcount=\count292
\beamer@zoomframecount=\count293
\beamer@frametextheight=\dimen273
\c@subsectionslide=\count294
\beamer@frametopskip=\skip51
\beamer@framebottomskip=\skip52
\beamer@frametopskipautobreak=\skip53
\beamer@framebottomskipautobreak=\skip54
\beamer@envbody=\toks29
\framewidth=\dimen274
\c@framenumber=\count295
) (/usr/local/texlive/2020/texmf-dist/tex/latex/beamer/beamerbaseverbatim.sty
\beamer@verbatimfileout=\write4
) (/usr/local/texlive/2020/texmf-dist/tex/latex/beamer/beamerbaseframesize.sty
\beamer@splitbox=\box80
\beamer@autobreakcount=\count296
\beamer@autobreaklastheight=\dimen275
\beamer@frametitletoks=\toks30
\beamer@framesubtitletoks=\toks31
) (/usr/local/texlive/2020/texmf-dist/tex/latex/beamer/beamerbaseframecomponents.sty
\beamer@footins=\box81
) (/usr/local/texlive/2020/texmf-dist/tex/latex/beamer/beamerbasecolor.sty) (/usr/local/texlive/2020/texmf-dist/tex/latex/beamer/beamerbasenotes.sty
\beamer@frameboxcopy=\box82
) (/usr/local/texlive/2020/texmf-dist/tex/latex/beamer/beamerbasetoc.sty) (/usr/local/texlive/2020/texmf-dist/tex/latex/beamer/beamerbasetemplates.sty
\beamer@sbttoks=\toks32
(/usr/local/texlive/2020/texmf-dist/tex/latex/beamer/beamerbaseauxtemplates.sty (/usr/local/texlive/2020/texmf-dist/tex/latex/beamer/beamerbaseboxes.sty
\bmb@box=\box83
\bmb@colorbox=\box84
\bmb@boxshadow=\box85
\bmb@boxshadowball=\box86
\bmb@boxshadowballlarge=\box87
\bmb@temp=\dimen276
\bmb@dima=\dimen277
\bmb@dimb=\dimen278
\bmb@prevheight=\dimen279
)
\beamer@blockheadheight=\dimen280
)) (/usr/local/texlive/2020/texmf-dist/tex/latex/beamer/beamerbaselocalstructure.sty (/usr/local/texlive/2020/texmf-dist/tex/latex/tools/enumerate.sty
Package: enumerate 2015/07/23 v3.00 enumerate extensions (DPC)
\@enLab=\toks33
)
\c@figure=\count297
\c@table=\count298
\abovecaptionskip=\skip55
\belowcaptionskip=\skip56
) (/usr/local/texlive/2020/texmf-dist/tex/latex/beamer/beamerbasenavigation.sty
\beamer@section@min@dim=\dimen281
) (/usr/local/texlive/2020/texmf-dist/tex/latex/beamer/beamerbasetheorems.sty (/usr/local/texlive/2020/texmf-dist/tex/latex/amsmath/amsmath.sty
Package: amsmath 2020/01/20 v2.17e AMS math features
\@mathmargin=\skip57
For additional information on amsmath, use the `?' option.
(/usr/local/texlive/2020/texmf-dist/tex/latex/amsmath/amstext.sty
Package: amstext 2000/06/29 v2.01 AMS text
(/usr/local/texlive/2020/texmf-dist/tex/latex/amsmath/amsgen.sty
File: amsgen.sty 1999/11/30 v2.0 generic functions
\@emptytoks=\toks34
\ex@=\dimen282
)) (/usr/local/texlive/2020/texmf-dist/tex/latex/amsmath/amsbsy.sty
Package: amsbsy 1999/11/29 v1.2d Bold Symbols
\pmbraise@=\dimen283
) (/usr/local/texlive/2020/texmf-dist/tex/latex/amsmath/amsopn.sty
Package: amsopn 2016/03/08 v2.02 operator names
)
\inf@bad=\count299
LaTeX Info: Redefining \frac on input line 227.
\uproot@=\count300
\leftroot@=\count301
LaTeX Info: Redefining \overline on input line 389.
\classnum@=\count302
\DOTSCASE@=\count303
LaTeX Info: Redefining \ldots on input line 486.
LaTeX Info: Redefining \dots on input line 489.
LaTeX Info: Redefining \cdots on input line 610.
\Mathstrutbox@=\box88
\strutbox@=\box89
\big@size=\dimen284
LaTeX Font Info:    Redeclaring font encoding OML on input line 733.
LaTeX Font Info:    Redeclaring font encoding OMS on input line 734.
\macc@depth=\count304
\c@MaxMatrixCols=\count305
\dotsspace@=\muskip17
\c@parentequation=\count306
\dspbrk@lvl=\count307
\tag@help=\toks35
\row@=\count308
\column@=\count309
\maxfields@=\count310
\andhelp@=\toks36
\eqnshift@=\dimen285
\alignsep@=\dimen286
\tagshift@=\dimen287
\tagwidth@=\dimen288
\totwidth@=\dimen289
\lineht@=\dimen290
\@envbody=\toks37
\multlinegap=\skip58
\multlinetaggap=\skip59
\mathdisplay@stack=\toks38
LaTeX Info: Redefining \[ on input line 2859.
LaTeX Info: Redefining \] on input line 2860.
) (/usr/local/texlive/2020/texmf-dist/tex/latex/amscls/amsthm.sty
Package: amsthm 2017/10/31 v2.20.4
\thm@style=\toks39
\thm@bodyfont=\toks40
\thm@headfont=\toks41
\thm@notefont=\toks42
\thm@headpunct=\toks43
\thm@preskip=\skip60
\thm@postskip=\skip61
\thm@headsep=\skip62
\dth@everypar=\toks44
)
\c@theorem=\count311
) (/usr/local/texlive/2020/texmf-dist/tex/latex/beamer/beamerbasethemes.sty)) (/usr/local/texlive/2020/texmf-dist/tex/latex/beamer/beamerthemedefault.sty (/usr/local/texlive/2020/texmf-dist/tex/latex/beamer/beamerfontthemedefault.sty) (/usr/local/texlive/2020/texmf-dist/tex/latex/beamer/beamercolorthemedefault.sty) (/usr/local/texlive/2020/texmf-dist/tex/latex/beamer/beamerinnerthemedefault.sty
\beamer@dima=\dimen291
\beamer@dimb=\dimen292
) (/usr/local/texlive/2020/texmf-dist/tex/latex/beamer/beamerouterthemedefault.sty))) (/usr/local/texlive/2020/texmf-dist/tex/latex/beamer/beamerthemeMadrid.sty (/usr/local/texlive/2020/texmf-dist/tex/latex/beamer/beamercolorthemewhale.sty) (/usr/local/texlive/2020/texmf-dist/tex/latex/beamer/beamercolorthemeorchid.sty) (/usr/local/texlive/2020/texmf-dist/tex/latex/beamer/beamerinnerthemerounded.sty) (/usr/local/texlive/2020/texmf-dist/tex/latex/beamer/beamerouterthemeinfolines.sty)) (/usr/local/texlive/2020/texmf-dist/tex/latex/txfonts/txfonts.sty
Package: txfonts 2008/01/22 v3.2.1
LaTeX Font Info:    Redeclaring symbol font `operators' on input line 21.
LaTeX Font Info:    Overwriting symbol font `operators' in version `normal'
(Font)                  OT1/cmr/m/n --> OT1/txr/m/n on input line 21.
LaTeX Font Info:    Overwriting symbol font `operators' in version `bold'
(Font)                  OT1/cmr/bx/n --> OT1/txr/m/n on input line 21.
LaTeX Font Info:    Overwriting symbol font `operators' in version `bold'
(Font)                  OT1/txr/m/n --> OT1/txr/bx/n on input line 22.
\symitalic=\mathgroup6
LaTeX Font Info:    Overwriting symbol font `italic' in version `bold'
(Font)                  OT1/txr/m/it --> OT1/txr/bx/it on input line 26.
LaTeX Font Info:    Redeclaring math alphabet \mathbf on input line 29.
LaTeX Font Info:    Overwriting math alphabet `\mathbf' in version `normal'
(Font)                  OT1/cmr/bx/n --> OT1/txr/bx/n on input line 29.
LaTeX Font Info:    Overwriting math alphabet `\mathbf' in version `bold'
(Font)                  OT1/cmr/bx/n --> OT1/txr/bx/n on input line 29.
LaTeX Font Info:    Redeclaring math alphabet \mathit on input line 30.
LaTeX Font Info:    Overwriting math alphabet `\mathit' in version `normal'
(Font)                  OT1/cmr/m/it --> OT1/txr/m/it on input line 30.
LaTeX Font Info:    Overwriting math alphabet `\mathit' in version `bold'
(Font)                  OT1/cmr/bx/it --> OT1/txr/m/it on input line 30.
LaTeX Font Info:    Overwriting math alphabet `\mathit' in version `bold'
(Font)                  OT1/txr/m/it --> OT1/txr/bx/it on input line 31.
LaTeX Font Info:    Redeclaring math alphabet \mathsf on input line 40.
LaTeX Font Info:    Overwriting math alphabet `\mathsf' in version `normal'
(Font)                  OT1/cmss/m/n --> OT1/txss/m/n on input line 40.
LaTeX Font Info:    Overwriting math alphabet `\mathsf' in version `bold'
(Font)                  OT1/cmss/bx/n --> OT1/txss/m/n on input line 40.
LaTeX Font Info:    Overwriting math alphabet `\mathsf' in version `bold'
(Font)                  OT1/txss/m/n --> OT1/txss/b/n on input line 41.
LaTeX Font Info:    Redeclaring math alphabet \mathtt on input line 50.
LaTeX Font Info:    Overwriting math alphabet `\mathtt' in version `normal'
(Font)                  OT1/cmtt/m/n --> OT1/txtt/m/n on input line 50.
LaTeX Font Info:    Overwriting math alphabet `\mathtt' in version `bold'
(Font)                  OT1/cmtt/m/n --> OT1/txtt/m/n on input line 50.
LaTeX Font Info:    Overwriting math alphabet `\mathtt' in version `bold'
(Font)                  OT1/txtt/m/n --> OT1/txtt/b/n on input line 51.
LaTeX Font Info:    Redeclaring symbol font `letters' on input line 58.
LaTeX Font Info:    Overwriting symbol font `letters' in version `normal'
(Font)                  OML/cmm/m/it --> OML/txmi/m/it on input line 58.
LaTeX Font Info:    Overwriting symbol font `letters' in version `bold'
(Font)                  OML/cmm/b/it --> OML/txmi/m/it on input line 58.
LaTeX Font Info:    Overwriting symbol font `letters' in version `bold'
(Font)                  OML/txmi/m/it --> OML/txmi/bx/it on input line 59.
\symlettersA=\mathgroup7
LaTeX Font Info:    Overwriting symbol font `lettersA' in version `bold'
(Font)                  U/txmia/m/it --> U/txmia/bx/it on input line 67.
LaTeX Font Info:    Redeclaring math alphabet \mathfrak on input line 70.
LaTeX Font Info:    Redeclaring symbol font `symbols' on input line 77.
LaTeX Font Info:    Overwriting symbol font `symbols' in version `normal'
(Font)                  OMS/cmsy/m/n --> OMS/txsy/m/n on input line 77.
LaTeX Font Info:    Overwriting symbol font `symbols' in version `bold'
(Font)                  OMS/cmsy/b/n --> OMS/txsy/m/n on input line 77.
LaTeX Font Info:    Overwriting symbol font `symbols' in version `bold'
(Font)                  OMS/txsy/m/n --> OMS/txsy/bx/n on input line 78.
LaTeX Font Info:    Redeclaring symbol font `AMSa' on input line 93.
LaTeX Font Info:    Overwriting symbol font `AMSa' in version `normal'
(Font)                  U/msa/m/n --> U/txsya/m/n on input line 93.
LaTeX Font Info:    Overwriting symbol font `AMSa' in version `bold'
(Font)                  U/msa/m/n --> U/txsya/m/n on input line 93.
LaTeX Font Info:    Overwriting symbol font `AMSa' in version `bold'
(Font)                  U/txsya/m/n --> U/txsya/bx/n on input line 94.
LaTeX Font Info:    Redeclaring symbol font `AMSb' on input line 102.
LaTeX Font Info:    Overwriting symbol font `AMSb' in version `normal'
(Font)                  U/msb/m/n --> U/txsyb/m/n on input line 102.
LaTeX Font Info:    Overwriting symbol font `AMSb' in version `bold'
(Font)                  U/msb/m/n --> U/txsyb/m/n on input line 102.
LaTeX Font Info:    Overwriting symbol font `AMSb' in version `bold'
(Font)                  U/txsyb/m/n --> U/txsyb/bx/n on input line 103.
\symsymbolsC=\mathgroup8
LaTeX Font Info:    Overwriting symbol font `symbolsC' in version `bold'
(Font)                  U/txsyc/m/n --> U/txsyc/bx/n on input line 113.
LaTeX Font Info:    Redeclaring symbol font `largesymbols' on input line 120.
LaTeX Font Info:    Overwriting symbol font `largesymbols' in version `normal'
(Font)                  OMX/cmex/m/n --> OMX/txex/m/n on input line 120.
LaTeX Font Info:    Overwriting symbol font `largesymbols' in version `bold'
(Font)                  OMX/cmex/m/n --> OMX/txex/m/n on input line 120.
LaTeX Font Info:    Overwriting symbol font `largesymbols' in version `bold'
(Font)                  OMX/txex/m/n --> OMX/txex/bx/n on input line 121.
\symlargesymbolsA=\mathgroup9
LaTeX Font Info:    Overwriting symbol font `largesymbolsA' in version `bold'
(Font)                  U/txexa/m/n --> U/txexa/bx/n on input line 129.
LaTeX Font Info:    Redeclaring math symbol \mathsterling on input line 164.
LaTeX Info: Redefining \not on input line 1043.
LaTeX Info: Redefining \textsquare on input line 1063.
LaTeX Info: Redefining \openbox on input line 1064.
) (/usr/local/texlive/2020/texmf-dist/tex/latex/tools/tabularx.sty
Package: tabularx 2020/01/15 v2.11c `tabularx' package (DPC)
(/usr/local/texlive/2020/texmf-dist/tex/latex/tools/array.sty
Package: array 2019/08/31 v2.4l Tabular extension package (FMi)
\col@sep=\dimen293
\ar@mcellbox=\box90
\extrarowheight=\dimen294
\NC@list=\toks45
\extratabsurround=\skip63
\backup@length=\skip64
\ar@cellbox=\box91
)
\TX@col@width=\dimen295
\TX@old@table=\dimen296
\TX@old@col=\dimen297
\TX@target=\dimen298
\TX@delta=\dimen299
\TX@cols=\count312
\TX@ftn=\toks46
) (/usr/local/texlive/2020/texmf-dist/tex/latex/beamer/beamerfontthemeprofessionalfonts.sty) (/usr/local/texlive/2020/texmf-dist/tex/platex/japanese-otf-uptex/otf.sty
Package: otf 2019/04/01 v1.7b8 psitau, u0.25 ttk
(/usr/local/texlive/2020/texmf-dist/tex/platex/japanese-otf/ajmacros.sty
Package: ajmacros 2019/04/01 21:00 iNOUE Koich! <inoue@ma.ns.musashi-tech.ac.jp>
\@tempcntc=\count313
\@tempcntd=\count314
\@tempcnte=\count315
\@tempcntf=\count316
)) (/usr/local/texlive/2020/texmf-dist/tex/platex/pxchfon/pxchfon.sty
Package: pxchfon 2020/02/01 v1.7b
)
\c@thm=\count317
\c@cor=\count318
\c@prop=\count319
\c@lemm=\count320
\c@question=\count321
\c@exam=\count322
\c@assumption=\count323
\c@remark=\count324
(/usr/local/texlive/2020/texmf-dist/tex/latex/amsmath/amscd.sty
Package: amscd 2017/04/14 v2.1 AMS Commutative Diagrams
\athelp@=\toks47
\minaw@=\dimen300
\bigaw@=\dimen301
\minCDarrowwidth=\dimen302
) (/usr/local/texlive/2020/texmf-dist/tex/latex/ascmac/ascmac.sty
Package: ascmac 2020/01/15 v2.1 ascmac wrapper (community edition) 
(/usr/local/texlive/2020/texmf-dist/tex/latex/ascmac/tascmac.sty
Package: tascmac 2020/01/15 v2.1 ascmac package (community edition) 
\@savetbaselineshift=\dimen303
\@saveybaselineshift=\dimen304
\scb@x=\box92
\scscb@x=\box93
\@bw=\dimen305
\@nbox=\box94
\@nbody=\box95
\@scw=\dimen306
\ascmac@hoboxa=\box96
\ascmac@hoboxb=\box97
\@itemh=\dimen307
\@iboxpos=\toks48
\@iboxstr=\box98
\@bwsp=\box99
\@@bwsp=\box100
\@bcal=\count325
\shaderule=\dimen308
)) (/usr/local/texlive/2020/texmf-dist/tex/latex/jknapltx/mathrsfs.sty
Package: mathrsfs 1996/01/01 Math RSFS package v1.0 (jk)
\symrsfs=\mathgroup10
) (/usr/local/texlive/2020/texmf-dist/tex/latex/tools/bm.sty
Package: bm 2019/07/24 v1.2d Bold Symbol Support (DPC/FMi)
\symboldoperators=\mathgroup11
\symboldletters=\mathgroup12
\symboldsymbols=\mathgroup13
\symboldlargesymbols=\mathgroup14
LaTeX Font Info:    Redeclaring math alphabet \mathbf on input line 141.
LaTeX Info: Redefining \bm on input line 209.
) (/usr/local/texlive/2020/texmf-dist/tex/latex/type1cm/type1cm.sty
Package: type1cm 2002/09/05 v0.04 BlueSky/Y&Y Type1 CM font definitions (DPC, patched RF)
) (/usr/local/texlive/2020/texmf-dist/tex/latex/multirow/multirow.sty
Package: multirow 2019/05/31 v2.5 Span multiple rows of a table
\multirow@colwidth=\skip65
\multirow@cntb=\count326
\multirow@dima=\skip66
\bigstrutjot=\dimen309
) (/usr/local/texlive/2020/texmf-dist/tex/latex/wrapfig/wrapfig.sty
\wrapoverhang=\dimen310
\WF@size=\dimen311
\c@WF@wrappedlines=\count327
\WF@box=\box101
\WF@everypar=\toks49
Package: wrapfig 2003/01/31  v 3.6
) (/usr/local/texlive/2020/texmf-dist/tex/latex/float/float.sty
Package: float 2001/11/08 v1.3d Float enhancements (AL)
\c@float@type=\count328
\float@exts=\toks50
\float@box=\box102
\@float@everytoks=\toks51
\@floatcapt=\box103
) (/usr/local/texlive/2020/texmf-dist/tex/latex/arydshln/arydshln.sty
Package: arydshln 2019/02/21 v1.76 
\dashlinedash=\dimen312
\dashlinegap=\dimen313
\adl@box=\box104
\adl@height=\dimen314
\adl@heightsave=\dimen315
\adl@depth=\dimen316
\adl@depthsave=\dimen317
\adl@finaldepth=\dimen318
\adl@columns=\count329
\adl@ncol=\count330
\adl@currentcolumn=\count331
\adl@currentcolumnsave=\count332
\adl@totalheight=\count333
\adl@totalheightsave=\count334
\adl@dash=\count335
\adl@gap=\count336
\adl@cla=\count337
\adl@clb=\count338
\adl@everyvbox=\toks52
\adl@LTpagetotal=\dimen319
)
\c@main=\count339
\c@Prop=\count340

Package hyperref Warning: Token not allowed in a PDF string (PDFDocEncoding):
(hyperref)                \hskip 10.95003pt
(hyperref)                replaced by space on input line 83.

(/usr/local/texlive/2020/texmf-dist/tex/latex/l3backend/l3backend-dvipdfmx.def
File: l3backend-dvipdfmx.def 2020-03-12 L3 backend support: dvipdfmx
\g__graphics_track_int=\count341
\l__pdf_internal_box=\box105
\g__pdf_backend_object_int=\count342
\g__pdf_backend_annotation_int=\count343
) (/Users/kobayashiminorunokou/Desktop/Mensetsu/Yamaguchi/Á†îÁ©∂ÂÜÖÂÆπ0902.aux)
\openout1 = `Á†îÁ©∂ÂÜÖÂÆπ0902.aux'.

LaTeX Font Info:    Checking defaults for OML/txmi/m/it on input line 88.
LaTeX Font Info:    Trying to load font information for OML+txmi on input line 88.
(/usr/local/texlive/2020/texmf-dist/tex/latex/txfonts/omltxmi.fd
File: omltxmi.fd 2000/12/15 v3.1
)
LaTeX Font Info:    ... okay on input line 88.
LaTeX Font Info:    Checking defaults for OMS/txsy/m/n on input line 88.
LaTeX Font Info:    Trying to load font information for OMS+txsy on input line 88.
(/usr/local/texlive/2020/texmf-dist/tex/latex/txfonts/omstxsy.fd
File: omstxsy.fd 2000/12/15 v3.1
)
LaTeX Font Info:    ... okay on input line 88.
LaTeX Font Info:    Checking defaults for OT1/cmr/m/n on input line 88.
LaTeX Font Info:    ... okay on input line 88.
LaTeX Font Info:    Checking defaults for T1/cmr/m/n on input line 88.
LaTeX Font Info:    ... okay on input line 88.
LaTeX Font Info:    Checking defaults for TS1/cmr/m/n on input line 88.
LaTeX Font Info:    ... okay on input line 88.
LaTeX Font Info:    Checking defaults for OMX/txex/m/n on input line 88.
LaTeX Font Info:    Trying to load font information for OMX+txex on input line 88.
(/usr/local/texlive/2020/texmf-dist/tex/latex/txfonts/omxtxex.fd
File: omxtxex.fd 2000/12/15 v3.1
)
LaTeX Font Info:    ... okay on input line 88.
LaTeX Font Info:    Checking defaults for U/txexa/m/n on input line 88.
LaTeX Font Info:    Trying to load font information for U+txexa on input line 88.
(/usr/local/texlive/2020/texmf-dist/tex/latex/txfonts/utxexa.fd
File: utxexa.fd 2000/12/15 v3.1
)
LaTeX Font Info:    ... okay on input line 88.
LaTeX Font Info:    Checking defaults for JY1/mc/m/n on input line 88.
LaTeX Font Info:    ... okay on input line 88.
LaTeX Font Info:    Checking defaults for JT1/mc/m/n on input line 88.
LaTeX Font Info:    ... okay on input line 88.
LaTeX Font Info:    Checking defaults for PD1/pdf/m/n on input line 88.
LaTeX Font Info:    ... okay on input line 88.
(I search kanjifont definition file: . . ) (I search font definition file: . . . . . . . . )
LaTeX Font Info:    Font shape `JT1/hgt/m/n' will be
(Font)              scaled to size 10.53629pt on input line 88.
LaTeX Font Info:    Font shape `JY1/hgt/m/n' will be
(Font)              scaled to size 10.53629pt on input line 88.
LaTeX Font Info:    Trying to load font information for OT1+txss on input line 88.
(/usr/local/texlive/2020/texmf-dist/tex/latex/txfonts/ot1txss.fd
File: ot1txss.fd 2000/12/15 v3.1
)
LaTeX Font Info:    Font shape `OT1/txss/m/n' will be
(Font)              scaled to size 10.40245pt on input line 88.
*geometry* detected driver: dvipdfm
*geometry* verbose mode - [ preamble ] result:
* driver: dvipdfm
* paper: custom
* layout: <same size as paper>
* layoutoffset:(h,v)=(0.0pt,0.0pt)
* modes: includehead includefoot 
* h-part:(L,W,R)=(10.95003pt, 342.2953pt, 10.95003pt)
* v-part:(T,H,B)=(0.0pt, 273.14662pt, 0.0pt)
* \paperwidth=364.19536pt
* \paperheight=273.14662pt
* \textwidth=342.2953pt
* \textheight=244.6939pt
* \oddsidemargin=-61.31996pt
* \evensidemargin=-61.31996pt
* \topmargin=-72.26999pt
* \headheight=14.22636pt
* \headsep=0.0pt
* \topskip=11.0pt
* \footskip=14.22636pt
* \marginparwidth=4.0pt
* \marginparsep=10.0pt
* \columnsep=10.0pt
* \skip\footins=10.0pt plus 4.0pt minus 2.0pt
* \hoffset=0.0pt
* \voffset=0.0pt
* \mag=1000
* \@twocolumnfalse
* \@twosidefalse
* \@mparswitchfalse
* \@reversemarginfalse
* (1in=72.27pt=25.4mm, 1cm=28.453pt)

ABD: EveryShipout initializing macros
\AtBeginShipoutBox=\box106
Package hyperref Info: Link coloring OFF on input line 88.
(/usr/local/texlive/2020/texmf-dist/tex/latex/hyperref/nameref.sty
Package: nameref 2019/09/16 v2.46 Cross-referencing by name of section
(/usr/local/texlive/2020/texmf-dist/tex/latex/refcount/refcount.sty
Package: refcount 2019/12/15 v3.6 Data extraction from label references (HO)
) (/usr/local/texlive/2020/texmf-dist/tex/generic/gettitlestring/gettitlestring.sty
Package: gettitlestring 2019/12/15 v1.6 Cleanup title references (HO)
)
\c@section@level=\count344
)
LaTeX Info: Redefining \ref on input line 88.
LaTeX Info: Redefining \pageref on input line 88.
LaTeX Info: Redefining \nameref on input line 88.
(/Users/kobayashiminorunokou/Desktop/Mensetsu/Yamaguchi/Á†îÁ©∂ÂÜÖÂÆπ0902.out) (/Users/kobayashiminorunokou/Desktop/Mensetsu/Yamaguchi/Á†îÁ©∂ÂÜÖÂÆπ0902.out)
\@outlinefile=\write5
\openout5 = `Á†îÁ©∂ÂÜÖÂÆπ0902.out'.

(/usr/local/texlive/2020/texmf-dist/tex/latex/translator/translator-basic-dictionary-English.dict
Dictionary: translator-basic-dictionary, Language: English 
) (/usr/local/texlive/2020/texmf-dist/tex/latex/translator/translator-bibliography-dictionary-English.dict
Dictionary: translator-bibliography-dictionary, Language: English 
) (/usr/local/texlive/2020/texmf-dist/tex/latex/translator/translator-environment-dictionary-English.dict
Dictionary: translator-environment-dictionary, Language: English 
) (/usr/local/texlive/2020/texmf-dist/tex/latex/translator/translator-months-dictionary-English.dict
Dictionary: translator-months-dictionary, Language: English 
) (/usr/local/texlive/2020/texmf-dist/tex/latex/translator/translator-numbers-dictionary-English.dict
Dictionary: translator-numbers-dictionary, Language: English 
) (/usr/local/texlive/2020/texmf-dist/tex/latex/translator/translator-theorem-dictionary-English.dict
Dictionary: translator-theorem-dictionary, Language: English 
) (/Users/kobayashiminorunokou/Desktop/Mensetsu/Yamaguchi/Á†îÁ©∂ÂÜÖÂÆπ0902.nav)
LaTeX Font Info:    Font shape `JT1/hgt/m/n' will be
(Font)              scaled to size 5.77332pt on input line 88.
LaTeX Font Info:    Font shape `JY1/hgt/m/n' will be
(Font)              scaled to size 5.77332pt on input line 88.
LaTeX Font Info:    Font shape `OT1/txss/m/n' will be
(Font)              scaled to size 5.69998pt on input line 88.
LaTeX Font Info:    Font shape `JT1/hgt/m/n' will be
(Font)              scaled to size 11.54663pt on input line 90.
LaTeX Font Info:    Font shape `JY1/hgt/m/n' will be
(Font)              scaled to size 11.54663pt on input line 90.
LaTeX Font Info:    Font shape `OT1/txss/m/n' will be
(Font)              scaled to size 11.39996pt on input line 90.

LaTeX Font Warning: Font shape `JY1/hgt/b/n' undefined
(Font)              using `JY1/hgt/bx/n' instead on input line 90.

LaTeX Font Info:    Font shape `JT1/hgt/bx/n' will be
(Font)              scaled to size 11.54663pt on input line 90.
LaTeX Font Info:    Font shape `JY1/hgt/bx/n' will be
(Font)              scaled to size 11.54663pt on input line 90.
LaTeX Font Info:    Font shape `OT1/txss/b/n' will be
(Font)              scaled to size 11.39996pt on input line 90.
LaTeX Font Info:    Font shape `JT1/hgt/m/n' will be
(Font)              scaled to size 7.69775pt on input line 90.
LaTeX Font Info:    Font shape `JY1/hgt/m/n' will be
(Font)              scaled to size 7.69775pt on input line 90.
LaTeX Font Info:    Font shape `OT1/txss/m/n' will be
(Font)              scaled to size 7.59998pt on input line 90.
LaTeX Font Info:    Font shape `JT1/hgt/m/n' will be
(Font)              scaled to size 3.84888pt on input line 90.
LaTeX Font Info:    Font shape `JY1/hgt/m/n' will be
(Font)              scaled to size 3.84888pt on input line 90.
LaTeX Font Info:    Font shape `OT1/txss/m/n' will be
(Font)              scaled to size 3.79999pt on input line 90.
[1

]
LaTeX Font Info:    Trying to load font information for OT1+txr on input line 167.
(/usr/local/texlive/2020/texmf-dist/tex/latex/txfonts/ot1txr.fd
File: ot1txr.fd 2000/12/15 v3.1
)
LaTeX Font Info:    Trying to load font information for U+txsya on input line 167.
(/usr/local/texlive/2020/texmf-dist/tex/latex/txfonts/utxsya.fd
File: utxsya.fd 2000/12/15 v3.1
)
LaTeX Font Info:    Trying to load font information for U+txsyb on input line 167.
(/usr/local/texlive/2020/texmf-dist/tex/latex/txfonts/utxsyb.fd
File: utxsyb.fd 2000/12/15 v3.1
)
LaTeX Font Info:    Trying to load font information for U+txmia on input line 167.
(/usr/local/texlive/2020/texmf-dist/tex/latex/txfonts/utxmia.fd
File: utxmia.fd 2000/12/15 v3.1
)
LaTeX Font Info:    Trying to load font information for U+txsyc on input line 167.
(/usr/local/texlive/2020/texmf-dist/tex/latex/txfonts/utxsyc.fd
File: utxsyc.fd 2000/12/15 v3.1
)
LaTeX Font Info:    Trying to load font information for U+rsfs on input line 167.
(/usr/local/texlive/2020/texmf-dist/tex/latex/jknapltx/ursfs.fd
File: ursfs.fd 1998/03/24 rsfs font definition file (jk)
)

LaTeX Font Warning: Font shape `JT1/hgt/m/it' undefined
(Font)              using `JT1/hgt/m/n' instead on input line 167.


LaTeX Font Warning: Font shape `JY1/hgt/m/it' undefined
(Font)              using `JY1/hgt/m/n' instead on input line 167.

LaTeX Font Info:    Font shape `OT1/txss/m/it' in size <10.95> not available
(Font)              Font shape `OT1/txss/m/sl' tried instead on input line 167.
LaTeX Font Info:    Font shape `OT1/txss/m/sl' will be
(Font)              scaled to size 10.40245pt on input line 167.
LaTeX Font Info:    Font shape `JT1/hgt/m/it' will be
(Font)              scaled to size 10.53629pt on input line 167.
LaTeX Font Info:    Font shape `JY1/hgt/m/it' will be
(Font)              scaled to size 10.53629pt on input line 167.

LaTeX Font Warning: Font shape `JY1/hgt/b/n' undefined
(Font)              using `JY1/hgt/bx/n' instead on input line 167.


Overfull \vbox (1.82407pt too high) detected at line 167
 []

[2

]

LaTeX Font Warning: Font shape `JY1/hgt/b/n' undefined
(Font)              using `JY1/hgt/bx/n' instead on input line 167.


Overfull \vbox (1.82407pt too high) detected at line 167
 []

[3

]

LaTeX Font Warning: Font shape `JY1/hgt/b/n' undefined
(Font)              using `JY1/hgt/bx/n' instead on input line 167.


Overfull \vbox (1.82407pt too high) detected at line 167
 []

[4

]
LaTeX Font Info:    Font shape `JT1/hgt/m/n' will be
(Font)              scaled to size 9.6222pt on input line 260.
LaTeX Font Info:    Font shape `JY1/hgt/m/n' will be
(Font)              scaled to size 9.6222pt on input line 260.
LaTeX Font Info:    Font shape `OT1/txss/m/n' will be
(Font)              scaled to size 9.49997pt on input line 260.
LaTeX Font Info:    Font shape `JT1/hgt/m/n' will be
(Font)              scaled to size 6.73553pt on input line 260.
LaTeX Font Info:    Font shape `JY1/hgt/m/n' will be
(Font)              scaled to size 6.73553pt on input line 260.
LaTeX Font Info:    Font shape `OT1/txss/m/n' will be
(Font)              scaled to size 6.64998pt on input line 260.
LaTeX Font Info:    Font shape `JT1/hgt/m/n' will be
(Font)              scaled to size 4.8111pt on input line 260.
LaTeX Font Info:    Font shape `JY1/hgt/m/n' will be
(Font)              scaled to size 4.8111pt on input line 260.
LaTeX Font Info:    Font shape `OT1/txss/m/n' will be
(Font)              scaled to size 4.74998pt on input line 260.

Overfull \hbox (19.98889pt too wide) in paragraph at lines 260--260
[]$[]$
 []


Underfull \hbox (badness 10000) in paragraph at lines 260--260

 []


LaTeX Font Warning: Command \small invalid in math mode on input line 260.


LaTeX Font Warning: Command \large invalid in math mode on input line 260.


LaTeX Font Warning: Command \small invalid in math mode on input line 260.


LaTeX Font Warning: Command \small invalid in math mode on input line 260.


LaTeX Font Warning: Command \large invalid in math mode on input line 260.


LaTeX Font Warning: Command \small invalid in math mode on input line 260.


LaTeX Font Warning: Command \small invalid in math mode on input line 260.


LaTeX Font Warning: Command \large invalid in math mode on input line 260.


LaTeX Font Warning: Command \small invalid in math mode on input line 260.


LaTeX Font Warning: Command \small invalid in math mode on input line 260.


LaTeX Font Warning: Command \large invalid in math mode on input line 260.


LaTeX Font Warning: Command \small invalid in math mode on input line 260.

(/Users/kobayashiminorunokou/Desktop/Mensetsu/Yamaguchi/pic_sphere.tex) (/Users/kobayashiminorunokou/Desktop/Mensetsu/Yamaguchi/pic_pseudo-sphere-8
LaTeX Font Info:    Font shape `JT1/hgt/m/n' will be
(Font)              scaled to size 19.95642pt on input line 11.
LaTeX Font Info:    Font shape `JY1/hgt/m/n' will be
(Font)              scaled to size 19.95642pt on input line 11.
LaTeX Font Info:    Font shape `OT1/txss/m/n' will be
(Font)              scaled to size 19.70294pt on input line 11.
LaTeX Font Info:    Font shape `JT1/hgt/m/n' will be
(Font)              scaled to size 16.62714pt on input line 1694.
LaTeX Font Info:    Font shape `JY1/hgt/m/n' will be
(Font)              scaled to size 16.62714pt on input line 1694.
LaTeX Font Info:    Font shape `OT1/txss/m/n' will be
(Font)              scaled to size 16.41594pt on input line 1694.
)
Overfull \hbox (18.87898pt too wide) in paragraph at lines 260--260
 [] 
 []


LaTeX Font Warning: Font shape `JY1/hgt/b/n' undefined
(Font)              using `JY1/hgt/bx/n' instead on input line 260.

[5

]
Overfull \hbox (19.98889pt too wide) in paragraph at lines 260--260
[]$[]$
 []


Underfull \hbox (badness 10000) in paragraph at lines 260--260

 []


LaTeX Font Warning: Command \small invalid in math mode on input line 260.


LaTeX Font Warning: Command \large invalid in math mode on input line 260.


LaTeX Font Warning: Command \small invalid in math mode on input line 260.


LaTeX Font Warning: Command \small invalid in math mode on input line 260.


LaTeX Font Warning: Command \large invalid in math mode on input line 260.


LaTeX Font Warning: Command \small invalid in math mode on input line 260.


LaTeX Font Warning: Command \small invalid in math mode on input line 260.


LaTeX Font Warning: Command \large invalid in math mode on input line 260.


LaTeX Font Warning: Command \small invalid in math mode on input line 260.


LaTeX Font Warning: Command \small invalid in math mode on input line 260.


LaTeX Font Warning: Command \large invalid in math mode on input line 260.


LaTeX Font Warning: Command \small invalid in math mode on input line 260.

(/Users/kobayashiminorunokou/Desktop/Mensetsu/Yamaguchi/pic_sphere.tex) (/Users/kobayashiminorunokou/Desktop/Mensetsu/Yamaguchi/pic_pseudo-sphere-8)
Overfull \hbox (18.87898pt too wide) in paragraph at lines 260--260
 [] 
 []


LaTeX Font Warning: Font shape `JY1/hgt/b/n' undefined
(Font)              using `JY1/hgt/bx/n' instead on input line 260.

[6

]
Overfull \hbox (19.98889pt too wide) in paragraph at lines 260--260
[]$[]$
 []


Underfull \hbox (badness 10000) in paragraph at lines 260--260

 []


LaTeX Font Warning: Command \small invalid in math mode on input line 260.


LaTeX Font Warning: Command \large invalid in math mode on input line 260.


LaTeX Font Warning: Command \small invalid in math mode on input line 260.


LaTeX Font Warning: Command \small invalid in math mode on input line 260.


LaTeX Font Warning: Command \large invalid in math mode on input line 260.


LaTeX Font Warning: Command \small invalid in math mode on input line 260.


LaTeX Font Warning: Command \small invalid in math mode on input line 260.


LaTeX Font Warning: Command \large invalid in math mode on input line 260.


LaTeX Font Warning: Command \small invalid in math mode on input line 260.


LaTeX Font Warning: Command \small invalid in math mode on input line 260.


LaTeX Font Warning: Command \large invalid in math mode on input line 260.


LaTeX Font Warning: Command \small invalid in math mode on input line 260.

(/Users/kobayashiminorunokou/Desktop/Mensetsu/Yamaguchi/pic_sphere.tex) (/Users/kobayashiminorunokou/Desktop/Mensetsu/Yamaguchi/pic_pseudo-sphere-8)
Overfull \hbox (18.87898pt too wide) in paragraph at lines 260--260
 [] 
 []


LaTeX Font Warning: Font shape `JY1/hgt/b/n' undefined
(Font)              using `JY1/hgt/bx/n' instead on input line 260.

[7

]
Overfull \hbox (19.98889pt too wide) in paragraph at lines 260--260
[]$[]$
 []


Underfull \hbox (badness 10000) in paragraph at lines 260--260

 []


LaTeX Font Warning: Command \small invalid in math mode on input line 260.


LaTeX Font Warning: Command \large invalid in math mode on input line 260.


LaTeX Font Warning: Command \small invalid in math mode on input line 260.


LaTeX Font Warning: Command \small invalid in math mode on input line 260.


LaTeX Font Warning: Command \large invalid in math mode on input line 260.


LaTeX Font Warning: Command \small invalid in math mode on input line 260.


LaTeX Font Warning: Command \small invalid in math mode on input line 260.


LaTeX Font Warning: Command \large invalid in math mode on input line 260.


LaTeX Font Warning: Command \small invalid in math mode on input line 260.


LaTeX Font Warning: Command \small invalid in math mode on input line 260.


LaTeX Font Warning: Command \large invalid in math mode on input line 260.


LaTeX Font Warning: Command \small invalid in math mode on input line 260.

(/Users/kobayashiminorunokou/Desktop/Mensetsu/Yamaguchi/pic_sphere.tex) (/Users/kobayashiminorunokou/Desktop/Mensetsu/Yamaguchi/pic_pseudo-sphere-8)
Overfull \hbox (18.87898pt too wide) in paragraph at lines 260--260
 [] 
 []


LaTeX Font Warning: Font shape `JY1/hgt/b/n' undefined
(Font)              using `JY1/hgt/bx/n' instead on input line 260.

[8

]
Overfull \hbox (19.98889pt too wide) in paragraph at lines 260--260
[]$[]$
 []


Underfull \hbox (badness 10000) in paragraph at lines 260--260

 []


LaTeX Font Warning: Command \small invalid in math mode on input line 260.


LaTeX Font Warning: Command \large invalid in math mode on input line 260.


LaTeX Font Warning: Command \small invalid in math mode on input line 260.


LaTeX Font Warning: Command \small invalid in math mode on input line 260.


LaTeX Font Warning: Command \large invalid in math mode on input line 260.


LaTeX Font Warning: Command \small invalid in math mode on input line 260.


LaTeX Font Warning: Command \small invalid in math mode on input line 260.


LaTeX Font Warning: Command \large invalid in math mode on input line 260.


LaTeX Font Warning: Command \small invalid in math mode on input line 260.


LaTeX Font Warning: Command \small invalid in math mode on input line 260.


LaTeX Font Warning: Command \large invalid in math mode on input line 260.


LaTeX Font Warning: Command \small invalid in math mode on input line 260.

(/Users/kobayashiminorunokou/Desktop/Mensetsu/Yamaguchi/pic_sphere.tex) (/Users/kobayashiminorunokou/Desktop/Mensetsu/Yamaguchi/pic_pseudo-sphere-8)
Overfull \hbox (18.87898pt too wide) in paragraph at lines 260--260
 [] 
 []


LaTeX Font Warning: Font shape `JY1/hgt/b/n' undefined
(Font)              using `JY1/hgt/bx/n' instead on input line 260.

[9

]

LaTeX Font Warning: Font shape `JY1/hgt/b/n' undefined
(Font)              using `JY1/hgt/bx/n' instead on input line 289.

LaTeX Font Info:    Font shape `JT1/hgt/bx/n' will be
(Font)              scaled to size 10.53629pt on input line 289.
LaTeX Font Info:    Font shape `JY1/hgt/bx/n' will be
(Font)              scaled to size 10.53629pt on input line 289.
LaTeX Font Info:    Font shape `OT1/txss/b/n' will be
(Font)              scaled to size 10.40245pt on input line 289.

LaTeX Font Warning: Font shape `JY1/hgt/b/n' undefined
(Font)              using `JY1/hgt/bx/n' instead on input line 289.


LaTeX Font Warning: Font shape `JY1/hgt/b/n' undefined
(Font)              using `JY1/hgt/bx/n' instead on input line 289.

File: yazirusitate.png Graphic file (type bmp)
<yazirusitate.png>

LaTeX Font Warning: Font shape `JY1/hgt/b/n' undefined
(Font)              using `JY1/hgt/bx/n' instead on input line 289.


LaTeX Font Warning: Font shape `JY1/hgt/b/n' undefined
(Font)              using `JY1/hgt/bx/n' instead on input line 289.

[10

]

LaTeX Font Warning: Font shape `JY1/hgt/b/n' undefined
(Font)              using `JY1/hgt/bx/n' instead on input line 363.

[11

]

LaTeX Font Warning: Font shape `JY1/hgt/b/n' undefined
(Font)              using `JY1/hgt/bx/n' instead on input line 363.

[12

]

LaTeX Font Warning: Font shape `JY1/hgt/b/n' undefined
(Font)              using `JY1/hgt/bx/n' instead on input line 363.

[13

]

LaTeX Font Warning: Font shape `JY1/hgt/b/n' undefined
(Font)              using `JY1/hgt/bx/n' instead on input line 363.

[14

]

LaTeX Font Warning: Font shape `JY1/hgt/b/n' undefined
(Font)              using `JY1/hgt/bx/n' instead on input line 423.

[15

]

LaTeX Font Warning: Font shape `JY1/hgt/b/n' undefined
(Font)              using `JY1/hgt/bx/n' instead on input line 423.

[16

]
LaTeX Font Info:    Font shape `JT1/hgt/m/it' will be
(Font)              scaled to size 11.54663pt on input line 474.
LaTeX Font Info:    Font shape `JY1/hgt/m/it' will be
(Font)              scaled to size 11.54663pt on input line 474.
LaTeX Font Info:    Font shape `OT1/txss/m/it' in size <12> not available
(Font)              Font shape `OT1/txss/m/sl' tried instead on input line 474.
LaTeX Font Info:    Font shape `OT1/txss/m/sl' will be
(Font)              scaled to size 11.39996pt on input line 474.
File: yazirusitate.png Graphic file (type bmp)
<yazirusitate.png>

LaTeX Font Warning: Font shape `JY1/hgt/b/n' undefined
(Font)              using `JY1/hgt/bx/n' instead on input line 474.


Overfull \vbox (6.42125pt too high) detected at line 474
 []

[17

]
File: yazirusitate.png Graphic file (type bmp)
<yazirusitate.png>

LaTeX Font Warning: Font shape `JY1/hgt/b/n' undefined
(Font)              using `JY1/hgt/bx/n' instead on input line 474.


Overfull \vbox (6.42125pt too high) detected at line 474
 []

[18

]
File: yazirusitate.png Graphic file (type bmp)
<yazirusitate.png>

LaTeX Font Warning: Font shape `JY1/hgt/b/n' undefined
(Font)              using `JY1/hgt/bx/n' instead on input line 474.


Overfull \vbox (6.42125pt too high) detected at line 474
 []

[19

]

LaTeX Font Warning: Font shape `JY1/hgt/b/n' undefined
(Font)              using `JY1/hgt/bx/n' instead on input line 525.

[20

]

LaTeX Font Warning: Font shape `JY1/hgt/b/n' undefined
(Font)              using `JY1/hgt/bx/n' instead on input line 525.

[21

]

LaTeX Font Warning: Font shape `JY1/hgt/b/n' undefined
(Font)              using `JY1/hgt/bx/n' instead on input line 525.

[22

] (/Users/kobayashiminorunokou/Desktop/Mensetsu/Yamaguchi/pic_B-scroll-10)

LaTeX Font Warning: Font shape `JY1/hgt/b/n' undefined
(Font)              using `JY1/hgt/bx/n' instead on input line 533.

[23

]
LaTeX Font Info:    Font shape `JT1/hgt/m/it' will be
(Font)              scaled to size 13.85594pt on input line 606.
LaTeX Font Info:    Font shape `JY1/hgt/m/it' will be
(Font)              scaled to size 13.85594pt on input line 606.
LaTeX Font Info:    Font shape `OT1/txss/m/it' in size <14.4> not available
(Font)              Font shape `OT1/txss/m/sl' tried instead on input line 606.
LaTeX Font Info:    Font shape `OT1/txss/m/sl' will be
(Font)              scaled to size 13.67995pt on input line 606.
LaTeX Font Info:    Font shape `JT1/hgt/m/it' will be
(Font)              scaled to size 7.69775pt on input line 606.
LaTeX Font Info:    Font shape `JY1/hgt/m/it' will be
(Font)              scaled to size 7.69775pt on input line 606.
LaTeX Font Info:    Font shape `OT1/txss/m/it' in size <8> not available
(Font)              Font shape `OT1/txss/m/sl' tried instead on input line 606.
LaTeX Font Info:    Font shape `OT1/txss/m/sl' will be
(Font)              scaled to size 7.59998pt on input line 606.
LaTeX Font Info:    Font shape `JT1/hgt/m/it' will be
(Font)              scaled to size 5.77332pt on input line 606.
LaTeX Font Info:    Font shape `JY1/hgt/m/it' will be
(Font)              scaled to size 5.77332pt on input line 606.
LaTeX Font Info:    Font shape `OT1/txss/m/it' in size <6> not available
(Font)              Font shape `OT1/txss/m/sl' tried instead on input line 606.
LaTeX Font Info:    Font shape `OT1/txss/m/sl' will be
(Font)              scaled to size 5.69998pt on input line 606.

LaTeX Font Warning: Font shape `JY1/hgt/b/n' undefined
(Font)              using `JY1/hgt/bx/n' instead on input line 606.

[24

]

LaTeX Font Warning: Font shape `JY1/hgt/b/n' undefined
(Font)              using `JY1/hgt/bx/n' instead on input line 606.

[25

]

LaTeX Font Warning: Font shape `JY1/hgt/b/n' undefined
(Font)              using `JY1/hgt/bx/n' instead on input line 606.

[26

]

LaTeX Font Warning: Font shape `JY1/hgt/b/n' undefined
(Font)              using `JY1/hgt/bx/n' instead on input line 606.

[27

]

LaTeX Font Warning: Font shape `JY1/hgt/b/n' undefined
(Font)              using `JY1/hgt/bx/n' instead on input line 664.

[28

]
LaTeX Font Info:    Font shape `JT1/hgt/m/n' will be
(Font)              scaled to size 8.65997pt on input line 794.
LaTeX Font Info:    Font shape `JY1/hgt/m/n' will be
(Font)              scaled to size 8.65997pt on input line 794.
LaTeX Font Info:    Font shape `OT1/txss/m/n' will be
(Font)              scaled to size 8.54997pt on input line 794.

LaTeX Font Warning: Font shape `JY1/hgt/b/n' undefined
(Font)              using `JY1/hgt/bx/n' instead on input line 794.

[29

] (/Users/kobayashiminorunokou/Desktop/Mensetsu/Yamaguchi/pic_M^n_2Frenet-4_Mensetsu)

LaTeX Font Warning: Font shape `JY1/hgt/b/n' undefined
(Font)              using `JY1/hgt/bx/n' instead on input line 1009.

[30

] (/Users/kobayashiminorunokou/Desktop/Mensetsu/Yamaguchi/pic_M^n_2Frenet-4_Mensetsu)

LaTeX Font Warning: Font shape `JY1/hgt/b/n' undefined
(Font)              using `JY1/hgt/bx/n' instead on input line 1009.

[31

] (/Users/kobayashiminorunokou/Desktop/Mensetsu/Yamaguchi/pic_M^n_2Frenet-4_Mensetsu)

LaTeX Font Warning: Font shape `JY1/hgt/b/n' undefined
(Font)              using `JY1/hgt/bx/n' instead on input line 1009.

[32

]
File: yazirusitate.png Graphic file (type bmp)
<yazirusitate.png>
File: yazirusitate.png Graphic file (type bmp)
<yazirusitate.png>
File: yazirusitate.png Graphic file (type bmp)
<yazirusitate.png>

LaTeX Font Warning: Font shape `JY1/hgt/b/n' undefined
(Font)              using `JY1/hgt/bx/n' instead on input line 1063.


Overfull \vbox (3.94682pt too high) detected at line 1063
 []

[33

]
File: yazirusitate.png Graphic file (type bmp)
<yazirusitate.png>
File: yazirusitate.png Graphic file (type bmp)
<yazirusitate.png>
File: yazirusitate.png Graphic file (type bmp)
<yazirusitate.png>

LaTeX Font Warning: Font shape `JY1/hgt/b/n' undefined
(Font)              using `JY1/hgt/bx/n' instead on input line 1063.


Overfull \vbox (3.94682pt too high) detected at line 1063
 []

[34

]
File: yazirusitate.png Graphic file (type bmp)
<yazirusitate.png>
File: yazirusitate.png Graphic file (type bmp)
<yazirusitate.png>
File: yazirusitate.png Graphic file (type bmp)
<yazirusitate.png>

LaTeX Font Warning: Font shape `JY1/hgt/b/n' undefined
(Font)              using `JY1/hgt/bx/n' instead on input line 1063.


Overfull \vbox (3.94682pt too high) detected at line 1063
 []

[35

]
File: yazirusitate.png Graphic file (type bmp)
<yazirusitate.png>
File: yazirusitate.png Graphic file (type bmp)
<yazirusitate.png>
File: yazirusitate.png Graphic file (type bmp)
<yazirusitate.png>

LaTeX Font Warning: Font shape `JY1/hgt/b/n' undefined
(Font)              using `JY1/hgt/bx/n' instead on input line 1063.


Overfull \vbox (3.94682pt too high) detected at line 1063
 []

[36

]

LaTeX Font Warning: Font shape `JY1/hgt/b/n' undefined
(Font)              using `JY1/hgt/bx/n' instead on input line 1205.

[37

]

LaTeX Font Warning: Font shape `JY1/hgt/b/n' undefined
(Font)              using `JY1/hgt/bx/n' instead on input line 1205.

[38

]

LaTeX Font Warning: Font shape `JY1/hgt/b/n' undefined
(Font)              using `JY1/hgt/bx/n' instead on input line 1205.

[39

]

LaTeX Font Warning: Font shape `JY1/hgt/b/n' undefined
(Font)              using `JY1/hgt/bx/n' instead on input line 1205.

[40

] (/Users/kobayashiminorunokou/Desktop/Mensetsu/Yamaguchi/pic_M^n_2Frenet-4_Mensetsu)

LaTeX Font Warning: Font shape `JY1/hgt/b/n' undefined
(Font)              using `JY1/hgt/bx/n' instead on input line 1349.

[41

]
LaTeX Font Info:    Font shape `JT1/hgt/m/it' will be
(Font)              scaled to size 9.6222pt on input line 1527.
LaTeX Font Info:    Font shape `JY1/hgt/m/it' will be
(Font)              scaled to size 9.6222pt on input line 1527.
LaTeX Font Info:    Font shape `OT1/txss/m/it' in size <10> not available
(Font)              Font shape `OT1/txss/m/sl' tried instead on input line 1527.
LaTeX Font Info:    Font shape `OT1/txss/m/sl' will be
(Font)              scaled to size 9.49997pt on input line 1527.

LaTeX Font Warning: Font shape `JY1/hgt/b/n' undefined
(Font)              using `JY1/hgt/bx/n' instead on input line 1527.


Overfull \vbox (10.86337pt too high) detected at line 1527
 []

[42

]

LaTeX Font Warning: Font shape `JY1/hgt/b/n' undefined
(Font)              using `JY1/hgt/bx/n' instead on input line 1527.


Overfull \vbox (10.86337pt too high) detected at line 1527
 []

[43

]

LaTeX Font Warning: Font shape `JY1/hgt/b/n' undefined
(Font)              using `JY1/hgt/bx/n' instead on input line 1527.


Overfull \vbox (10.86337pt too high) detected at line 1527
 []

[44

]

LaTeX Font Warning: Font shape `JY1/hgt/b/n' undefined
(Font)              using `JY1/hgt/bx/n' instead on input line 1527.


Overfull \vbox (10.86337pt too high) detected at line 1527
 []

[45

]
\tf@nav=\write6
\openout6 = `Á†îÁ©∂ÂÜÖÂÆπ0902.nav'.

\tf@toc=\write7
\openout7 = `Á†îÁ©∂ÂÜÖÂÆπ0902.toc'.

\tf@snm=\write8
\openout8 = `Á†îÁ©∂ÂÜÖÂÆπ0902.snm'.

Package atveryend Info: Empty hook `BeforeClearDocument' on input line 1655.
Package atveryend Info: Empty hook `AfterLastShipout' on input line 1655.
(/Users/kobayashiminorunokou/Desktop/Mensetsu/Yamaguchi/Á†îÁ©∂ÂÜÖÂÆπ0902.aux)
Package atveryend Info: Empty hook `AtVeryEndDocument' on input line 1655.
Package atveryend Info: Executing hook `AtEndAfterFileList' on input line 1655.
Package rerunfilecheck Info: File `Á†îÁ©∂ÂÜÖÂÆπ0902.out' has not changed.
(rerunfilecheck)             Checksum: <no file>.

LaTeX Font Warning: Some font shapes were not available, defaults substituted.

 ) 
Here is how much of TeX's memory you used:
 22760 strings out of 481140
 417982 string characters out of 5917417
 759433 words of memory out of 5000000
 38225 multiletter control sequences out of 15000+600000
 609184 words of font info for 258 fonts, out of 8000000 for 9000
 929 hyphenation exceptions out of 8191
 58i,27n,67p,834b,1144s stack positions out of 5000i,500n,10000p,200000b,80000s

Output written on /Users/kobayashiminorunokou/Desktop/Mensetsu/Yamaguchi/Á†îÁ©∂ÂÜÖÂÆπ0902.dvi (45 pages, 597236 bytes).
